TN:
SF:src\modules\appointments\services\CreateAppointmentService.ts
FN:16,(anonymous_12)
FN:20,(anonymous_13)
FNF:2
FNH:0
FNDA:0,(anonymous_12)
FNDA:0,(anonymous_13)
DA:1,0
DA:2,0
DA:4,0
DA:15,0
DA:18,0
DA:22,0
DA:24,0
DA:26,0
DA:27,0
DA:30,0
DA:35,0
DA:39,0
LF:12
LH:0
BRDA:26,0,0,0
BRF:1
BRH:0
end_of_record
TN:
SF:src\modules\users\services\AuthenticateUserService.ts
FN:23,(anonymous_12)
FN:30,(anonymous_13)
FNF:2
FNH:0
FNDA:0,(anonymous_12)
FNDA:0,(anonymous_13)
DA:2,0
DA:3,0
DA:4,0
DA:7,0
DA:21,0
DA:25,0
DA:28,0
DA:32,0
DA:34,0
DA:35,0
DA:38,0
DA:40,0
DA:41,0
DA:44,0
DA:46,0
DA:51,0
DA:55,0
LF:17
LH:0
BRDA:34,0,0,0
BRDA:40,1,0,0
BRF:2
BRH:0
end_of_record
TN:
SF:src\modules\users\services\CreateUserService.ts
FN:16,(anonymous_12)
FN:24,(anonymous_13)
FNF:2
FNH:0
FNDA:0,(anonymous_12)
FNDA:0,(anonymous_13)
DA:3,0
DA:5,0
DA:14,0
DA:19,0
DA:22,0
DA:26,0
DA:28,0
DA:29,0
DA:32,0
DA:34,0
DA:37,0
DA:41,0
LF:12
LH:0
BRDA:28,0,0,0
BRF:1
BRH:0
end_of_record
TN:
SF:src\modules\users\services\ResetPasswordService.ts
FN:17,(anonymous_12)
FN:28,(anonymous_13)
FNF:2
FNH:0
FNDA:0,(anonymous_12)
FNDA:0,(anonymous_13)
DA:2,0
DA:3,0
DA:6,0
DA:7,0
DA:15,0
DA:20,0
DA:23,0
DA:26,0
DA:29,0
DA:31,0
DA:32,0
DA:35,0
DA:37,0
DA:38,0
DA:41,0
DA:42,0
DA:43,0
DA:46,0
DA:48,0
DA:52,0
LF:20
LH:0
BRDA:31,0,0,0
BRDA:37,1,0,0
BRDA:42,2,0,0
BRF:3
BRH:0
end_of_record
TN:
SF:src\modules\users\services\SendForgotPasswordEmailService.ts
FN:16,(anonymous_12)
FN:27,(anonymous_13)
FNF:2
FNH:0
FNDA:0,(anonymous_12)
FNDA:0,(anonymous_13)
DA:2,0
DA:4,0
DA:6,0
DA:7,0
DA:14,0
DA:19,0
DA:22,0
DA:25,0
DA:29,0
DA:31,0
DA:32,0
DA:35,0
DA:37,0
DA:39,0
DA:56,0
LF:15
LH:0
BRDA:31,0,0,0
BRF:1
BRH:0
end_of_record
TN:
SF:src\modules\users\services\UpdateProfileService.ts
FN:18,(anonymous_12)
FN:25,(anonymous_13)
FNF:2
FNH:2
FNDA:5,(anonymous_12)
FNDA:5,(anonymous_13)
DA:3,1
DA:5,1
DA:16,1
DA:20,5
DA:23,5
DA:27,5
DA:29,5
DA:30,0
DA:33,5
DA:35,5
DA:36,1
DA:39,4
DA:40,4
DA:42,4
DA:43,1
DA:46,3
DA:47,2
DA:49,0
DA:50,0
DA:53,0
DA:56,1
DA:60,1
LF:22
LH:18
BRDA:29,0,0,0
BRDA:35,1,0,1
BRDA:35,2,0,5
BRDA:35,2,1,1
BRDA:42,3,0,1
BRDA:42,4,0,4
BRDA:42,4,1,3
BRDA:46,5,0,2
BRDA:46,6,0,3
BRDA:46,6,1,2
BRDA:49,7,0,0
BRF:11
BRH:9
end_of_record
TN:
SF:src\modules\users\services\UpdateUserAvatarService.ts
FN:18,(anonymous_12)
FN:26,(anonymous_13)
FNF:2
FNH:0
FNDA:0,(anonymous_12)
FNDA:0,(anonymous_13)
DA:5,0
DA:8,0
DA:16,0
DA:20,0
DA:23,0
DA:28,0
DA:30,0
DA:31,0
DA:34,0
DA:35,0
DA:38,0
DA:40,0
DA:42,0
DA:44,0
DA:48,0
LF:15
LH:0
BRDA:30,0,0,0
BRDA:34,1,0,0
BRF:2
BRH:0
end_of_record
