TN:
SF:src\modules\appointments\services\CreateAppointmentService.ts
FN:16,(anonymous_12)
FN:20,(anonymous_13)
FNF:2
FNH:2
FNDA:2,(anonymous_12)
FNDA:3,(anonymous_13)
DA:1,1
DA:2,1
DA:4,1
DA:15,1
DA:18,2
DA:22,3
DA:24,3
DA:26,3
DA:27,1
DA:30,2
DA:35,2
DA:39,1
LF:12
LH:12
BRDA:26,0,0,1
BRF:1
BRH:1
end_of_record
TN:
SF:src\modules\appointments\services\ListProvidersService.ts
FN:13,(anonymous_11)
FN:20,(anonymous_12)
FNF:2
FNH:0
FNDA:0,(anonymous_11)
FNDA:0,(anonymous_12)
DA:4,0
DA:11,0
DA:15,0
DA:18,0
DA:22,0
DA:24,0
DA:25,0
DA:27,0
DA:30,0
DA:33,0
LF:10
LH:0
BRDA:24,0,0,0
BRF:1
BRH:0
end_of_record
TN:
SF:src\modules\users\services\AuthenticateUserService.ts
FN:23,(anonymous_12)
FN:30,(anonymous_13)
FNF:2
FNH:2
FNDA:3,(anonymous_12)
FNDA:3,(anonymous_13)
DA:2,1
DA:3,1
DA:4,1
DA:7,1
DA:21,1
DA:25,3
DA:28,3
DA:32,3
DA:34,3
DA:35,1
DA:38,2
DA:40,2
DA:41,1
DA:44,1
DA:46,1
DA:51,1
DA:55,1
LF:17
LH:17
BRDA:34,0,0,1
BRDA:40,1,0,1
BRF:2
BRH:2
end_of_record
TN:
SF:src\modules\users\services\CreateUserService.ts
FN:17,(anonymous_12)
FN:28,(anonymous_13)
FNF:2
FNH:2
FNDA:2,(anonymous_12)
FNDA:3,(anonymous_13)
DA:3,1
DA:6,1
DA:15,1
DA:20,2
DA:23,2
DA:26,2
DA:30,3
DA:32,3
DA:33,1
DA:36,2
DA:38,2
DA:42,2
DA:43,2
DA:47,1
LF:14
LH:14
BRDA:32,0,0,1
BRF:1
BRH:1
end_of_record
TN:
SF:src\modules\users\services\ResetPasswordService.ts
FN:17,(anonymous_12)
FN:28,(anonymous_13)
FNF:2
FNH:2
FNDA:4,(anonymous_12)
FNDA:4,(anonymous_13)
DA:2,1
DA:3,1
DA:6,1
DA:7,1
DA:15,1
DA:20,4
DA:23,4
DA:26,4
DA:29,4
DA:31,4
DA:32,1
DA:35,3
DA:37,3
DA:38,1
DA:41,2
DA:42,2
DA:43,1
DA:46,1
DA:48,1
DA:52,1
LF:20
LH:20
BRDA:31,0,0,1
BRDA:37,1,0,1
BRDA:42,2,0,1
BRF:3
BRH:3
end_of_record
TN:
SF:src\modules\users\services\SendForgotPasswordEmailService.ts
FN:16,(anonymous_12)
FN:27,(anonymous_13)
FNF:2
FNH:2
FNDA:3,(anonymous_12)
FNDA:3,(anonymous_13)
DA:2,1
DA:4,1
DA:6,1
DA:7,1
DA:14,1
DA:19,3
DA:22,3
DA:25,3
DA:29,3
DA:31,3
DA:32,1
DA:35,2
DA:37,2
DA:39,2
DA:56,1
LF:15
LH:15
BRDA:31,0,0,1
BRF:1
BRH:1
end_of_record
TN:
SF:src\modules\users\services\ShowProfileService.ts
FN:13,(anonymous_12)
FN:17,(anonymous_13)
FNF:2
FNH:2
FNDA:2,(anonymous_12)
FNDA:2,(anonymous_13)
DA:2,1
DA:4,1
DA:11,1
DA:15,2
DA:19,2
DA:21,2
DA:22,1
DA:25,1
DA:29,1
LF:9
LH:9
BRDA:21,0,0,1
BRF:1
BRH:1
end_of_record
TN:
SF:src\modules\users\services\UpdateProfileService.ts
FN:18,(anonymous_12)
FN:25,(anonymous_13)
FNF:2
FNH:2
FNDA:6,(anonymous_12)
FNDA:6,(anonymous_13)
DA:3,1
DA:5,1
DA:16,1
DA:20,6
DA:23,6
DA:27,6
DA:29,6
DA:30,1
DA:33,5
DA:35,5
DA:36,1
DA:39,4
DA:40,4
DA:42,4
DA:43,1
DA:46,3
DA:47,2
DA:49,2
DA:50,1
DA:53,1
DA:56,2
DA:60,1
LF:22
LH:22
BRDA:29,0,0,1
BRDA:35,1,0,1
BRDA:35,2,0,5
BRDA:35,2,1,1
BRDA:42,3,0,1
BRDA:42,4,0,4
BRDA:42,4,1,3
BRDA:46,5,0,2
BRDA:46,6,0,3
BRDA:46,6,1,2
BRDA:49,7,0,1
BRF:11
BRH:11
end_of_record
TN:
SF:src\modules\users\services\UpdateUserAvatarService.ts
FN:18,(anonymous_12)
FN:26,(anonymous_13)
FNF:2
FNH:2
FNDA:3,(anonymous_12)
FNDA:4,(anonymous_13)
DA:5,1
DA:8,1
DA:16,1
DA:20,3
DA:23,3
DA:28,4
DA:30,4
DA:31,1
DA:34,3
DA:35,1
DA:38,3
DA:40,3
DA:42,3
DA:44,3
DA:48,1
LF:15
LH:15
BRDA:30,0,0,1
BRDA:34,1,0,1
BRF:2
BRH:2
end_of_record
